<?xml version="1.0" encoding="UTF-8"?>
<testsuite name="CorrecterTest" tests="1" skipped="0" failures="0" errors="0" timestamp="2020-11-14T06:05:52" hostname="iMac-Admin.local" time="0.56">
  <properties/>
  <testcase name="start" classname="CorrecterTest" time="0.56"/>
  <system-out><![CDATA[?[1;31m
Start test 1?[0m
Write a mode: > encode

send.txt:
text view: Eat more of these french buns!
hex view: 45 61 74 20 6d 6f 72 65 20 6f 66 20 74 68 65 73 65 20 66 72 65 6e 63 68 20 62 75 6e 73 21 
bin view: 01000101 01100001 01110100 00100000 01101101 01101111 01110010 01100101 00100000 01101111 01100110 00100000 01110100 01101000 01100101 01110011 01100101 00100000 01100110 01110010 01100101 01101110 01100011 01101000 00100000 01100010 01110101 01101110 01110011 00100001 

encoded.txt:
expand: ..0.100. ..0.101. ..0.110. ..0.001. ..0.111. ..0.100. ..0.010. ..0.000. ..0.110. ..1.101. ..0.110. ..1.111. ..0.111. ..0.010. ..0.110. ..0.101. ..0.010. ..0.000. ..0.110. ..1.111. ..0.110. ..0.110. ..0.010. ..0.000. ..0.111. ..0.100. ..0.110. ..1.000. ..0.110. ..0.101. ..0.111. ..0.011. ..0.110. ..0.101. ..0.010. ..0.000. ..0.110. ..0.110. ..0.111. ..0.010. ..0.110. ..0.101. ..0.110. ..1.110. ..0.110. ..0.011. ..0.110. ..1.000. ..0.010. ..0.000. ..0.110. ..0.010. ..0.111. ..0.101. ..0.110. ..1.110. ..0.111. ..0.011. ..0.010. ..0.001. 
parity: 10011000 01001010 11001100 11010010 00011110 10011000 01010100 00000000 11001100 10101010 11001100 11111110 00011110 01010100 11001100 01001010 01010100 00000000 11001100 11111110 11001100 11001100 01010100 00000000 00011110 10011000 11001100 11100000 11001100 01001010 00011110 10000110 11001100 01001010 01010100 00000000 11001100 11001100 00011110 01010100 11001100 01001010 11001100 00101100 11001100 10000110 11001100 11100000 01010100 00000000 11001100 01010100 00011110 01001010 11001100 00101100 00011110 10000110 01010100 11010010 
hex view: 98 4a cc d2 1e 98 54 00 cc aa cc fe 1e 54 cc 4a 54 00 cc fe cc cc 54 00 1e 98 cc e0 cc 4a 1e 86 cc 4a 54 00 cc cc 1e 54 cc 4a cc 2c cc 86 cc e0 54 00 cc 54 1e 4a cc 2c 1e 86 54 d2 
?[1;31m
Start test 2?[0m
Write a mode: > send

encoded.txt:
hex view: 98 4a cc d2 1e 98 54 00 cc aa cc fe 1e 54 cc 4a 54 00 cc fe cc cc 54 00 1e 98 cc e0 cc 4a 1e 86 cc 4a 54 00 cc cc 1e 54 cc 4a cc 2c cc 86 cc e0 54 00 cc 54 1e 4a cc 2c 1e 86 54 d2 
bin view: 10011000 01001010 11001100 11010010 00011110 10011000 01010100 00000000 11001100 10101010 11001100 11111110 00011110 01010100 11001100 01001010 01010100 00000000 11001100 11111110 11001100 11001100 01010100 00000000 00011110 10011000 11001100 11100000 11001100 01001010 00011110 10000110 11001100 01001010 01010100 00000000 11001100 11001100 00011110 01010100 11001100 01001010 11001100 00101100 11001100 10000110 11001100 11100000 01010100 00000000 11001100 01010100 00011110 01001010 11001100 00101100 00011110 10000110 01010100 11010010 

received.txt:
bin view: 10011001 11001010 11000100 01010010 00011100 00011000 00010100 00100000 11101100 10111010 11001101 11111010 00011010 00010100 10001100 01011010 01010000 00000010 11000100 11111100 01001100 11000100 01010110 00001000 00010110 10010000 11101100 11000000 11001110 01000010 00001110 00000110 11101100 00001010 01010110 00000001 11001101 11000100 10011110 01110100 11001000 01000010 11001000 00101000 11101100 10000100 10001100 11100010 01010110 00000010 01001100 01110100 01011110 01001011 11101100 00100100 10011110 10000010 01010000 11010000 
hex view: 99 ca c4 52 1c 18 14 20 ec ba cd fa 1a 14 8c 5a 50 02 c4 fc 4c c4 56 08 16 90 ec c0 ce 42 0e 06 ec 0a 56 01 cd c4 9e 74 c8 42 c8 28 ec 84 8c e2 56 02 4c 74 5e 4b ec 24 9e 82 50 d0 
?[1;31m
Start test 3?[0m
Write a mode: > decode

received.txt:
hex view: 99 ca c4 52 1c 18 14 20 ec ba cd fa 1a 14 8c 5a 50 02 c4 fc 4c c4 56 08 16 90 ec c0 ce 42 0e 06 ec 0a 56 01 cd c4 9e 74 c8 42 c8 28 ec 84 8c e2 56 02 4c 74 5e 4b ec 24 9e 82 50 d0 
bin view: 10011001 11001010 11000100 01010010 00011100 00011000 00010100 00100000 11101100 10111010 11001101 11111010 00011010 00010100 10001100 01011010 01010000 00000010 11000100 11111100 01001100 11000100 01010110 00001000 00010110 10010000 11101100 11000000 11001110 01000010 00001110 00000110 11101100 00001010 01010110 00000001 11001101 11000100 10011110 01110100 11001000 01000010 11001000 00101000 11101100 10000100 10001100 11100010 01010110 00000010 01001100 01110100 01011110 01001011 11101100 00100100 10011110 10000010 01010000 11010000 

decoded.txt:
correct: 10011000 01001010 11001100 11010010 00011110 10011000 01010100 00000000 11001100 10101010 11001100 11111110 00011110 01010100 11001100 01001010 01010100 00000000 11001100 11111110 11001100 11001100 01010100 00000000 00011110 10011000 11001100 11100000 11001100 01001010 00011110 10000110 11001100 01001010 01010100 00000000 11001100 11001100 00011110 01010100 11001100 01001010 11001100 00101100 11001100 10000110 11001100 11100000 01010100 00000000 11001100 01010100 00011110 01001010 11001100 00101100 00011110 10000110 01010100 11010010 
decode: 01000101 01100001 01110100 00100000 01101101 01101111 01110010 01100101 00100000 01101111 01100110 00100000 01110100 01101000 01100101 01110011 01100101 00100000 01100110 01110010 01100101 01101110 01100011 01101000 00100000 01100010 01110101 01101110 01110011 00100001 
hex view: 45 61 74 20 6d 6f 72 65 20 6f 66 20 74 68 65 73 65 20 66 72 65 6e 63 68 20 62 75 6e 73 21 
text view: Eat more of these french buns!
?[1;31m
Start test 4?[0m
Write a mode: > encode

send.txt:
text view: $ome rand0m messAge
hex view: 24 6f 6d 65 20 72 61 6e 64 30 6d 20 6d 65 73 73 41 67 65 
bin view: 00100100 01101111 01101101 01100101 00100000 01110010 01100001 01101110 01100100 00110000 01101101 00100000 01101101 01100101 01110011 01110011 01000001 01100111 01100101 

encoded.txt:
expand: ..0.010. ..0.100. ..0.110. ..1.111. ..0.110. ..1.101. ..0.110. ..0.101. ..0.010. ..0.000. ..0.111. ..0.010. ..0.110. ..0.001. ..0.110. ..1.110. ..0.110. ..0.100. ..0.011. ..0.000. ..0.110. ..1.101. ..0.010. ..0.000. ..0.110. ..1.101. ..0.110. ..0.101. ..0.111. ..0.011. ..0.111. ..0.011. ..0.100. ..0.001. ..0.110. ..0.111. ..0.110. ..0.101. 
parity: 01010100 10011000 11001100 11111110 11001100 10101010 11001100 01001010 01010100 00000000 00011110 01010100 11001100 11010010 11001100 00101100 11001100 10011000 10000110 00000000 11001100 10101010 01010100 00000000 11001100 10101010 11001100 01001010 00011110 10000110 00011110 10000110 10011000 11010010 11001100 00011110 11001100 01001010 
hex view: 54 98 cc fe cc aa cc 4a 54 00 1e 54 cc d2 cc 2c cc 98 86 00 cc aa 54 00 cc aa cc 4a 1e 86 1e 86 98 d2 cc 1e cc 4a 
?[1;31m
Start test 5?[0m
Write a mode: > send

encoded.txt:
hex view: 54 98 cc fe cc aa cc 4a 54 00 1e 54 cc d2 cc 2c cc 98 86 00 cc aa 54 00 cc aa cc 4a 1e 86 1e 86 98 d2 cc 1e cc 4a 
bin view: 01010100 10011000 11001100 11111110 11001100 10101010 11001100 01001010 01010100 00000000 00011110 01010100 11001100 11010010 11001100 00101100 11001100 10011000 10000110 00000000 11001100 10101010 01010100 00000000 11001100 10101010 11001100 01001010 00011110 10000110 00011110 10000110 10011000 11010010 11001100 00011110 11001100 01001010 

received.txt:
bin view: 01110100 00011000 11101100 11111010 11011100 10111010 01001100 01001011 01011100 00010000 00001110 11010100 11001101 11010011 10001100 00101000 11001110 10111000 10001110 00010000 11001000 11101010 01010101 01000000 10001100 10111010 11101100 11001010 00011100 10010110 00011100 10001110 10011100 10010010 11101100 00111110 10001100 01001011 
hex view: 74 18 ec fa dc ba 4c 4b 5c 10 0e d4 cd d3 8c 28 ce b8 8e 10 c8 ea 55 40 8c ba ec ca 1c 96 1c 8e 9c 92 ec 3e 8c 4b 
?[1;31m
Start test 6?[0m
Write a mode: > decode

received.txt:
hex view: 74 18 ec fa dc ba 4c 4b 5c 10 0e d4 cd d3 8c 28 ce b8 8e 10 c8 ea 55 40 8c ba ec ca 1c 96 1c 8e 9c 92 ec 3e 8c 4b 
bin view: 01110100 00011000 11101100 11111010 11011100 10111010 01001100 01001011 01011100 00010000 00001110 11010100 11001101 11010011 10001100 00101000 11001110 10111000 10001110 00010000 11001000 11101010 01010101 01000000 10001100 10111010 11101100 11001010 00011100 10010110 00011100 10001110 10011100 10010010 11101100 00111110 10001100 01001011 

decoded.txt:
correct: 01010100 10011000 11001100 11111110 11001100 10101010 11001100 01001010 01010100 00000000 00011110 01010100 11001100 11010010 11001100 00101100 11001100 10011000 10000110 00000000 11001100 10101010 01010100 00000000 11001100 10101010 11001100 01001010 00011110 10000110 00011110 10000110 10011000 11010010 11001100 00011110 11001100 01001010 
decode: 00100100 01101111 01101101 01100101 00100000 01110010 01100001 01101110 01100100 00110000 01101101 00100000 01101101 01100101 01110011 01110011 01000001 01100111 01100101 
hex view: 24 6f 6d 65 20 72 61 6e 64 30 6d 20 6d 65 73 73 41 67 65 
text view: $ome rand0m messAge
?[1;31m
Start test 7?[0m
Write a mode: > encode

send.txt:
text view: better call Saul 555-00-73!
hex view: 62 65 74 74 65 72 20 63 61 6c 6c 20 53 61 75 6c 20 35 35 35 2d 30 30 2d 37 33 21 
bin view: 01100010 01100101 01110100 01110100 01100101 01110010 00100000 01100011 01100001 01101100 01101100 00100000 01010011 01100001 01110101 01101100 00100000 00110101 00110101 00110101 00101101 00110000 00110000 00101101 00110111 00110011 00100001 

encoded.txt:
expand: ..0.110. ..0.010. ..0.110. ..0.101. ..0.111. ..0.100. ..0.111. ..0.100. ..0.110. ..0.101. ..0.111. ..0.010. ..0.010. ..0.000. ..0.110. ..0.011. ..0.110. ..0.001. ..0.110. ..1.100. ..0.110. ..1.100. ..0.010. ..0.000. ..0.101. ..0.011. ..0.110. ..0.001. ..0.111. ..0.101. ..0.110. ..1.100. ..0.010. ..0.000. ..0.011. ..0.101. ..0.011. ..0.101. ..0.011. ..0.101. ..0.010. ..1.101. ..0.011. ..0.000. ..0.011. ..0.000. ..0.010. ..1.101. ..0.011. ..0.111. ..0.011. ..0.011. ..0.010. ..0.001. 
parity: 11001100 01010100 11001100 01001010 00011110 10011000 00011110 10011000 11001100 01001010 00011110 01010100 01010100 00000000 11001100 10000110 11001100 11010010 11001100 01111000 11001100 01111000 01010100 00000000 01001010 10000110 11001100 11010010 00011110 01001010 11001100 01111000 01010100 00000000 10000110 01001010 10000110 01001010 10000110 01001010 01010100 10101010 10000110 00000000 10000110 00000000 01010100 10101010 10000110 00011110 10000110 10000110 01010100 11010010 
hex view: cc 54 cc 4a 1e 98 1e 98 cc 4a 1e 54 54 00 cc 86 cc d2 cc 78 cc 78 54 00 4a 86 cc d2 1e 4a cc 78 54 00 86 4a 86 4a 86 4a 54 aa 86 00 86 00 54 aa 86 1e 86 86 54 d2 
?[1;31m
Start test 8?[0m
Write a mode: > send

encoded.txt:
hex view: cc 54 cc 4a 1e 98 1e 98 cc 4a 1e 54 54 00 cc 86 cc d2 cc 78 cc 78 54 00 4a 86 cc d2 1e 4a cc 78 54 00 86 4a 86 4a 86 4a 54 aa 86 00 86 00 54 aa 86 1e 86 86 54 d2 
bin view: 11001100 01010100 11001100 01001010 00011110 10011000 00011110 10011000 11001100 01001010 00011110 01010100 01010100 00000000 11001100 10000110 11001100 11010010 11001100 01111000 11001100 01111000 01010100 00000000 01001010 10000110 11001100 11010010 00011110 01001010 11001100 01111000 01010100 00000000 10000110 01001010 10000110 01001010 10000110 01001010 01010100 10101010 10000110 00000000 10000110 00000000 01010100 10101010 10000110 00011110 10000110 10000110 01010100 11010010 

received.txt:
bin view: 11101100 01000100 11101100 01001000 00011010 00011000 01011110 10001000 11000100 01001000 10011110 01000100 01010101 00001000 11000100 00000110 11001101 11010011 11101100 11111000 11001101 01111010 01000100 01000000 01001000 00000110 10001100 11010000 00011100 01001110 11001000 01111100 00010100 00000001 10100110 01011010 00000110 01011010 10000010 01000010 01110100 10101011 00000110 00000001 10000010 00000010 01010110 11101010 10010110 00001110 10001110 10001110 01010110 10010010 
hex view: ec 44 ec 48 1a 18 5e 88 c4 48 9e 44 55 08 c4 06 cd d3 ec f8 cd 7a 44 40 48 06 8c d0 1c 4e c8 7c 14 01 a6 5a 06 5a 82 42 74 ab 06 01 82 02 56 ea 96 0e 8e 8e 56 92 
?[1;31m
Start test 9?[0m
Write a mode: > decode

received.txt:
hex view: ec 44 ec 48 1a 18 5e 88 c4 48 9e 44 55 08 c4 06 cd d3 ec f8 cd 7a 44 40 48 06 8c d0 1c 4e c8 7c 14 01 a6 5a 06 5a 82 42 74 ab 06 01 82 02 56 ea 96 0e 8e 8e 56 92 
bin view: 11101100 01000100 11101100 01001000 00011010 00011000 01011110 10001000 11000100 01001000 10011110 01000100 01010101 00001000 11000100 00000110 11001101 11010011 11101100 11111000 11001101 01111010 01000100 01000000 01001000 00000110 10001100 11010000 00011100 01001110 11001000 01111100 00010100 00000001 10100110 01011010 00000110 01011010 10000010 01000010 01110100 10101011 00000110 00000001 10000010 00000010 01010110 11101010 10010110 00001110 10001110 10001110 01010110 10010010 

decoded.txt:
correct: 11001100 01010100 11001100 01001010 00011110 10011000 00011110 10011000 11001100 01001010 00011110 01010100 01010100 00000000 11001100 10000110 11001100 11010010 11001100 01111000 11001100 01111000 01010100 00000000 01001010 10000110 11001100 11010010 00011110 01001010 11001100 01111000 01010100 00000000 10000110 01001010 10000110 01001010 10000110 01001010 01010100 10101010 10000110 00000000 10000110 00000000 01010100 10101010 10000110 00011110 10000110 10000110 01010100 11010010 
decode: 01100010 01100101 01110100 01110100 01100101 01110010 00100000 01100011 01100001 01101100 01101100 00100000 01010011 01100001 01110101 01101100 00100000 00110101 00110101 00110101 00101101 00110000 00110000 00101101 00110111 00110011 00100001 
hex view: 62 65 74 74 65 72 20 63 61 6c 6c 20 53 61 75 6c 20 35 35 35 2d 30 30 2d 37 33 21 
text view: better call Saul 555-00-73!
?[1;31m
Start test 10?[0m
Write a mode: > encode

send.txt:
text view: 5548172 6548 225147 23656595 5155
hex view: 35 35 34 38 31 37 32 20 36 35 34 38 20 32 32 35 31 34 37 20 32 33 36 35 36 35 39 35 20 35 31 35 35 
bin view: 00110101 00110101 00110100 00111000 00110001 00110111 00110010 00100000 00110110 00110101 00110100 00111000 00100000 00110010 00110010 00110101 00110001 00110100 00110111 00100000 00110010 00110011 00110110 00110101 00110110 00110101 00111001 00110101 00100000 00110101 00110001 00110101 00110101 

encoded.txt:
expand: ..0.011. ..0.101. ..0.011. ..0.101. ..0.011. ..0.100. ..0.011. ..1.000. ..0.011. ..0.001. ..0.011. ..0.111. ..0.011. ..0.010. ..0.010. ..0.000. ..0.011. ..0.110. ..0.011. ..0.101. ..0.011. ..0.100. ..0.011. ..1.000. ..0.010. ..0.000. ..0.011. ..0.010. ..0.011. ..0.010. ..0.011. ..0.101. ..0.011. ..0.001. ..0.011. ..0.100. ..0.011. ..0.111. ..0.010. ..0.000. ..0.011. ..0.010. ..0.011. ..0.011. ..0.011. ..0.110. ..0.011. ..0.101. ..0.011. ..0.110. ..0.011. ..0.101. ..0.011. ..1.001. ..0.011. ..0.101. ..0.010. ..0.000. ..0.011. ..0.101. ..0.011. ..0.001. ..0.011. ..0.101. ..0.011. ..0.101. 
parity: 10000110 01001010 10000110 01001010 10000110 10011000 10000110 11100000 10000110 11010010 10000110 00011110 10000110 01010100 01010100 00000000 10000110 11001100 10000110 01001010 10000110 10011000 10000110 11100000 01010100 00000000 10000110 01010100 10000110 01010100 10000110 01001010 10000110 11010010 10000110 10011000 10000110 00011110 01010100 00000000 10000110 01010100 10000110 10000110 10000110 11001100 10000110 01001010 10000110 11001100 10000110 01001010 10000110 00110010 10000110 01001010 01010100 00000000 10000110 01001010 10000110 11010010 10000110 01001010 10000110 01001010 
hex view: 86 4a 86 4a 86 98 86 e0 86 d2 86 1e 86 54 54 00 86 cc 86 4a 86 98 86 e0 54 00 86 54 86 54 86 4a 86 d2 86 98 86 1e 54 00 86 54 86 86 86 cc 86 4a 86 cc 86 4a 86 32 86 4a 54 00 86 4a 86 d2 86 4a 86 4a 
?[1;31m
Start test 11?[0m
Write a mode: > send

encoded.txt:
hex view: 86 4a 86 4a 86 98 86 e0 86 d2 86 1e 86 54 54 00 86 cc 86 4a 86 98 86 e0 54 00 86 54 86 54 86 4a 86 d2 86 98 86 1e 54 00 86 54 86 86 86 cc 86 4a 86 cc 86 4a 86 32 86 4a 54 00 86 4a 86 d2 86 4a 86 4a 
bin view: 10000110 01001010 10000110 01001010 10000110 10011000 10000110 11100000 10000110 11010010 10000110 00011110 10000110 01010100 01010100 00000000 10000110 11001100 10000110 01001010 10000110 10011000 10000110 11100000 01010100 00000000 10000110 01010100 10000110 01010100 10000110 01001010 10000110 11010010 10000110 10011000 10000110 00011110 01010100 00000000 10000110 01010100 10000110 10000110 10000110 11001100 10000110 01001010 10000110 11001100 10000110 01001010 10000110 00110010 10000110 01001010 01010100 00000000 10000110 01001010 10000110 11010010 10000110 01001010 10000110 01001010 

received.txt:
bin view: 10010110 01011010 10000100 00001010 10000100 10011010 10100110 11000000 10100110 11010110 10000010 00001110 00000110 01000100 01110100 00010000 10001110 01001100 10100110 01001110 11000110 00011000 10000010 11100001 11010100 00001000 00000110 01011100 10010110 01011100 10000010 00001010 10000010 11110010 00000110 11011000 10000100 00011111 11010100 10000000 10010110 01110100 10000100 00000110 00000110 11011100 00000110 00001010 10000010 01001100 10000100 01000010 10001110 00010010 10010110 01000010 01011100 00100000 00000110 01101010 10010110 11000010 10000111 01000010 10100110 01000010 
hex view: 96 5a 84 0a 84 9a a6 c0 a6 d6 82 0e 06 44 74 10 8e 4c a6 4e c6 18 82 e1 d4 08 06 5c 96 5c 82 0a 82 f2 06 d8 84 1f d4 80 96 74 84 06 06 dc 06 0a 82 4c 84 42 8e 12 96 42 5c 20 06 6a 96 c2 87 42 a6 42 
?[1;31m
Start test 12?[0m
Write a mode: > decode

received.txt:
hex view: 96 5a 84 0a 84 9a a6 c0 a6 d6 82 0e 06 44 74 10 8e 4c a6 4e c6 18 82 e1 d4 08 06 5c 96 5c 82 0a 82 f2 06 d8 84 1f d4 80 96 74 84 06 06 dc 06 0a 82 4c 84 42 8e 12 96 42 5c 20 06 6a 96 c2 87 42 a6 42 
bin view: 10010110 01011010 10000100 00001010 10000100 10011010 10100110 11000000 10100110 11010110 10000010 00001110 00000110 01000100 01110100 00010000 10001110 01001100 10100110 01001110 11000110 00011000 10000010 11100001 11010100 00001000 00000110 01011100 10010110 01011100 10000010 00001010 10000010 11110010 00000110 11011000 10000100 00011111 11010100 10000000 10010110 01110100 10000100 00000110 00000110 11011100 00000110 00001010 10000010 01001100 10000100 01000010 10001110 00010010 10010110 01000010 01011100 00100000 00000110 01101010 10010110 11000010 10000111 01000010 10100110 01000010 

decoded.txt:
correct: 10000110 01001010 10000110 01001010 10000110 10011000 10000110 11100000 10000110 11010010 10000110 00011110 10000110 01010100 01010100 00000000 10000110 11001100 10000110 01001010 10000110 10011000 10000110 11100000 01010100 00000000 10000110 01010100 10000110 01010100 10000110 01001010 10000110 11010010 10000110 10011000 10000110 00011110 01010100 00000000 10000110 01010100 10000110 10000110 10000110 11001100 10000110 01001010 10000110 11001100 10000110 01001010 10000110 00110010 10000110 01001010 01010100 00000000 10000110 01001010 10000110 11010010 10000110 01001010 10000110 01001010 
decode: 00110101 00110101 00110100 00111000 00110001 00110111 00110010 00100000 00110110 00110101 00110100 00111000 00100000 00110010 00110010 00110101 00110001 00110100 00110111 00100000 00110010 00110011 00110110 00110101 00110110 00110101 00111001 00110101 00100000 00110101 00110001 00110101 00110101 
hex view: 35 35 34 38 31 37 32 20 36 35 34 38 20 32 32 35 31 34 37 20 32 33 36 35 36 35 39 35 20 35 31 35 35 
text view: 5548172 6548 225147 23656595 5155
]]></system-out>
  <system-err><![CDATA[]]></system-err>
</testsuite>
